<?xml version="1.0" encoding="UTF-8"?>
<!-- Generated by org.testng.reporters.JUnitReportReporter -->
<testsuite skipped="0" hostname="LAPTOP-6Q09DOQ1" name="org.mma.training.java.selenium.web.tours.MercuryWebTourTest" tests="2" failures="0" timestamp="11 Dec 2021 18:40:02 GMT" time="26.115" errors="0">
  <testcase name="registrationPageValidation" time="13.036" classname="org.mma.training.java.selenium.web.tours.MercuryWebTourTest"/>
  <testcase name="registrationPageValidation" time="13.079" classname="org.mma.training.java.selenium.web.tours.MercuryWebTourTest"/>
</testsuite> <!-- org.mma.training.java.selenium.web.tours.MercuryWebTourTest -->
